# project betweenness (0.0.1) configured on Tue Jan 15 14:42:40 2019 by
# waf 1.5.18 (abi 7, python 2070ff0 on win32)
# using waf configure
#

----------------------------------------
Checking for program g++ or c++
  find program=['g++', 'c++'] paths=[] var='CXX'
  -> 'C:\\MinGW\\bin\\g++.exe'

----------------------------------------
Checking for program cpp
  find program=['cpp'] paths=[] var='CPP'
  -> 'C:\\MinGW\\bin\\cpp.exe'

----------------------------------------
Checking for program ar
  find program=['ar'] paths=[] var='AR'
  -> 'C:\\MinGW\\bin\\ar.exe'

----------------------------------------
Checking for program ranlib
  find program=['ranlib'] paths=[] var='RANLIB'
  -> 'C:\\MinGW\\bin\\ranlib.exe'

----------------------------------------
Checking for g++ 
ok 

----------------------------------------
Checking for library ['glog', 'gflags']
==>

int main() {
	return 0;
}

<==
[1/2] [32mcxx: build\.conf_check_0\test.cpp -> build\.conf_check_0\testbuild\default\test_1.o
[0m['C:\\MinGW\\bin\\g++.exe', '..\\test.cpp', '-c', '-o', 'default\\test_1.o']
[2/2] [33mcxx_link: build\.conf_check_0\testbuild\default\test_1.o -> build\.conf_check_0\testbuild\default\testprog.exe
[0mc:/mingw/bin/../lib/gcc/mingw32/8.2.0/../../../../mingw32/bin/ld.exe: cannot find -lglog
c:/mingw/bin/../lib/gcc/mingw32/8.2.0/../../../../mingw32/bin/ld.exe: cannot find -lgflags
collect2.exe: error: ld returned 1 exit status
['C:\\MinGW\\bin\\g++.exe', 'default\\test_1.o', '-o', 'C:\\Users\\kais1\\Documents\\FYP\\LCRIndexing\\build\\.conf_check_0\\testbuild\\default\\testprog.exe', '-Wl,--enable-auto-import', '-Wl,-Bdynamic', '-lglog', '-lgflags']
command returned 'Build failed:  -> task failed (err #1): \n\t{task: cxx_link test_1.o -> testprog.exe}'not found
